#2026 06 06 09:01:30.993#Z#DEBUG#27448597-6186-11f1-b50e-eeee0a9aa125.inventory-management-cap-db-deployer#flowable-async-job-executor-thread-12139#
[PollStageAppStatusExecution] f8f87642-0cbe-4e66-9ca6-9e2c31c5a043 [2026-06-06T09:00:52.425038] Added process: "web" (STDOUT, API)#
#2026 06 06 09:01:30.993#Z#DEBUG#27448597-6186-11f1-b50e-eeee0a9aa125.inventory-management-cap-db-deployer#flowable-async-job-executor-thread-12139#
[PollStageAppStatusExecution] f8f87642-0cbe-4e66-9ca6-9e2c31c5a043 [2026-06-06T09:00:52.440054] Created app with guid f8f87642-0cbe-4e66-9ca6-9e2c31c5a043 (STDOUT, API)#
#2026 06 06 09:01:30.993#Z#DEBUG#27448597-6186-11f1-b50e-eeee0a9aa125.inventory-management-cap-db-deployer#flowable-async-job-executor-thread-12139#
[PollStageAppStatusExecution] f8f87642-0cbe-4e66-9ca6-9e2c31c5a043 [2026-06-06T09:00:52.537010] Updating process: "web" (STDOUT, API)#
#2026 06 06 09:01:30.993#Z#DEBUG#27448597-6186-11f1-b50e-eeee0a9aa125.inventory-management-cap-db-deployer#flowable-async-job-executor-thread-12139#
[PollStageAppStatusExecution] f8f87642-0cbe-4e66-9ca6-9e2c31c5a043 [2026-06-06T09:00:52.621438] Scaling process: "web" (STDOUT, API)#
#2026 06 06 09:01:30.993#Z#DEBUG#27448597-6186-11f1-b50e-eeee0a9aa125.inventory-management-cap-db-deployer#flowable-async-job-executor-thread-12139#
[PollStageAppStatusExecution] f8f87642-0cbe-4e66-9ca6-9e2c31c5a043 [2026-06-06T09:01:11.157196] Uploading app package for app with guid f8f87642-0cbe-4e66-9ca6-9e2c31c5a043 (STDOUT, API)#
#2026 06 06 09:01:30.993#Z#DEBUG#27448597-6186-11f1-b50e-eeee0a9aa125.inventory-management-cap-db-deployer#flowable-async-job-executor-thread-12139#
[PollStageAppStatusExecution] f8f87642-0cbe-4e66-9ca6-9e2c31c5a043 [2026-06-06T09:01:11.417994] Updated app with guid f8f87642-0cbe-4e66-9ca6-9e2c31c5a043 ({"environment_variables"=>"[PRIVATE DATA HIDDEN]"}) (STDOUT, API)#
#2026 06 06 09:01:30.993#Z#DEBUG#27448597-6186-11f1-b50e-eeee0a9aa125.inventory-management-cap-db-deployer#flowable-async-job-executor-thread-12139#
[PollStageAppStatusExecution] f8f87642-0cbe-4e66-9ca6-9e2c31c5a043 [2026-06-06T09:01:21.150156] Creating build for app with guid f8f87642-0cbe-4e66-9ca6-9e2c31c5a043 (STDOUT, API)#
#2026 06 06 09:01:30.993#Z#DEBUG#27448597-6186-11f1-b50e-eeee0a9aa125.inventory-management-cap-db-deployer#flowable-async-job-executor-thread-12139#
[PollStageAppStatusExecution] f8f87642-0cbe-4e66-9ca6-9e2c31c5a043 [2026-06-06T09:01:21.456492] Downloading nodejs_buildpack... (STDOUT, STG)#
#2026 06 06 09:01:30.994#Z#DEBUG#27448597-6186-11f1-b50e-eeee0a9aa125.inventory-management-cap-db-deployer#flowable-async-job-executor-thread-12139#
[PollStageAppStatusExecution] f8f87642-0cbe-4e66-9ca6-9e2c31c5a043 [2026-06-06T09:01:21.483548] Downloaded nodejs_buildpack (STDOUT, STG)#
#2026 06 06 09:01:30.994#Z#DEBUG#27448597-6186-11f1-b50e-eeee0a9aa125.inventory-management-cap-db-deployer#flowable-async-job-executor-thread-12139#
[PollStageAppStatusExecution] f8f87642-0cbe-4e66-9ca6-9e2c31c5a043 [2026-06-06T09:01:21.483604] Cell 1ea14514-f0fe-461c-9aa9-a53bbe093b00 creating container for instance 46cc9fab-ece5-4c44-9d1b-823bf8686f72 (STDOUT, STG)#
#2026 06 06 09:01:30.994#Z#DEBUG#27448597-6186-11f1-b50e-eeee0a9aa125.inventory-management-cap-db-deployer#flowable-async-job-executor-thread-12139#
[PollStageAppStatusExecution] f8f87642-0cbe-4e66-9ca6-9e2c31c5a043 [2026-06-06T09:01:22.247493] Security group rules were updated (STDOUT, STG)#
#2026 06 06 09:01:30.994#Z#DEBUG#27448597-6186-11f1-b50e-eeee0a9aa125.inventory-management-cap-db-deployer#flowable-async-job-executor-thread-12139#
[PollStageAppStatusExecution] f8f87642-0cbe-4e66-9ca6-9e2c31c5a043 [2026-06-06T09:01:22.602332] Cell 1ea14514-f0fe-461c-9aa9-a53bbe093b00 successfully created container for instance 46cc9fab-ece5-4c44-9d1b-823bf8686f72 (STDOUT, STG)#
#2026 06 06 09:01:30.994#Z#DEBUG#27448597-6186-11f1-b50e-eeee0a9aa125.inventory-management-cap-db-deployer#flowable-async-job-executor-thread-12139#
[PollStageAppStatusExecution] f8f87642-0cbe-4e66-9ca6-9e2c31c5a043 [2026-06-06T09:01:23.364180] Downloading app package... (STDOUT, STG)#
#2026 06 06 09:01:30.994#Z#DEBUG#27448597-6186-11f1-b50e-eeee0a9aa125.inventory-management-cap-db-deployer#flowable-async-job-executor-thread-12139#
[PollStageAppStatusExecution] f8f87642-0cbe-4e66-9ca6-9e2c31c5a043 [2026-06-06T09:01:23.852719] Downloaded app package (2.3M) (STDOUT, STG)#
#2026 06 06 09:01:30.994#Z#DEBUG#27448597-6186-11f1-b50e-eeee0a9aa125.inventory-management-cap-db-deployer#flowable-async-job-executor-thread-12139#
[PollStageAppStatusExecution] f8f87642-0cbe-4e66-9ca6-9e2c31c5a043 [2026-06-06T09:01:23.981254] -----> Nodejs Buildpack version 1.8.44 (STDOUT, STG)#
#2026 06 06 09:01:30.994#Z#DEBUG#27448597-6186-11f1-b50e-eeee0a9aa125.inventory-management-cap-db-deployer#flowable-async-job-executor-thread-12139#
[PollStageAppStatusExecution] f8f87642-0cbe-4e66-9ca6-9e2c31c5a043 [2026-06-06T09:01:24.182152] -----> Bootstrapping python (STDOUT, STG)#
#2026 06 06 09:01:30.994#Z#DEBUG#27448597-6186-11f1-b50e-eeee0a9aa125.inventory-management-cap-db-deployer#flowable-async-job-executor-thread-12139#
[PollStageAppStatusExecution] f8f87642-0cbe-4e66-9ca6-9e2c31c5a043 [2026-06-06T09:01:24.182165] -----> Installing python 3.11.14 (STDOUT, STG)#
#2026 06 06 09:01:30.994#Z#DEBUG#27448597-6186-11f1-b50e-eeee0a9aa125.inventory-management-cap-db-deployer#flowable-async-job-executor-thread-12139#
[PollStageAppStatusExecution] f8f87642-0cbe-4e66-9ca6-9e2c31c5a043 [2026-06-06T09:01:24.182313] Copy [/tmp/buildpacks/ee597f2be8090397/dependencies/b5e0345ae0ae1932e7d56fffaa49a487/python_3.11.14_linux_x64_cflinuxfs4_66f53248.tgz] (STDOUT, STG)#
#2026 06 06 09:01:30.994#Z#DEBUG#27448597-6186-11f1-b50e-eeee0a9aa125.inventory-management-cap-db-deployer#flowable-async-job-executor-thread-12139#
[PollStageAppStatusExecution] f8f87642-0cbe-4e66-9ca6-9e2c31c5a043 [2026-06-06T09:01:29.447610] -----> Installing binaries (STDOUT, STG)#
#2026 06 06 09:01:30.994#Z#DEBUG#27448597-6186-11f1-b50e-eeee0a9aa125.inventory-management-cap-db-deployer#flowable-async-job-executor-thread-12139#
[PollStageAppStatusExecution] f8f87642-0cbe-4e66-9ca6-9e2c31c5a043 [2026-06-06T09:01:29.447709] engines.node (package.json): >=18 (STDOUT, STG)#
#2026 06 06 09:01:30.994#Z#DEBUG#27448597-6186-11f1-b50e-eeee0a9aa125.inventory-management-cap-db-deployer#flowable-async-job-executor-thread-12139#
[PollStageAppStatusExecution] f8f87642-0cbe-4e66-9ca6-9e2c31c5a043 [2026-06-06T09:01:29.447824] engines.npm (package.json): unspecified (use default) (STDOUT, STG)#
#2026 06 06 09:01:30.994#Z#DEBUG#27448597-6186-11f1-b50e-eeee0a9aa125.inventory-management-cap-db-deployer#flowable-async-job-executor-thread-12139#
[PollStageAppStatusExecution] f8f87642-0cbe-4e66-9ca6-9e2c31c5a043 [2026-06-06T09:01:29.447841] [31;1m**WARNING**[0m Dangerous semver range (>) in engines.node. See: http://docs.cloudfoundry.org/buildpacks/node/node-tips.html (STDOUT, STG)#
#2026 06 06 09:01:30.994#Z#DEBUG#27448597-6186-11f1-b50e-eeee0a9aa125.inventory-management-cap-db-deployer#flowable-async-job-executor-thread-12139#
[PollStageAppStatusExecution] f8f87642-0cbe-4e66-9ca6-9e2c31c5a043 [2026-06-06T09:01:29.447845] -----> Installing node 24.13.0 (STDOUT, STG)#
#2026 06 06 09:01:30.994#Z#DEBUG#27448597-6186-11f1-b50e-eeee0a9aa125.inventory-management-cap-db-deployer#flowable-async-job-executor-thread-12139#
[PollStageAppStatusExecution] f8f87642-0cbe-4e66-9ca6-9e2c31c5a043 [2026-06-06T09:01:29.448087] Copy [/tmp/buildpacks/ee597f2be8090397/dependencies/2f5692219fecc3eee6e6d507a6bfe7b9/node_24.13.0_linux_x64_cflinuxfs4_a816dee1.tgz] (STDOUT, STG)#
#2026 06 06 09:01:41.217#Z#DEBUG#27448597-6186-11f1-b50e-eeee0a9aa125.inventory-management-cap-db-deployer#flowable-async-job-executor-thread-12143#
[PollStageAppStatusExecution] f8f87642-0cbe-4e66-9ca6-9e2c31c5a043 [2026-06-06T09:01:32.958910] Using default npm version: 11.6.2 (STDOUT, STG)#
#2026 06 06 09:01:41.217#Z#DEBUG#27448597-6186-11f1-b50e-eeee0a9aa125.inventory-management-cap-db-deployer#flowable-async-job-executor-thread-12143#
[PollStageAppStatusExecution] f8f87642-0cbe-4e66-9ca6-9e2c31c5a043 [2026-06-06T09:01:32.958924] -----> Installing yarn 1.22.22 (STDOUT, STG)#
#2026 06 06 09:01:41.217#Z#DEBUG#27448597-6186-11f1-b50e-eeee0a9aa125.inventory-management-cap-db-deployer#flowable-async-job-executor-thread-12143#
[PollStageAppStatusExecution] f8f87642-0cbe-4e66-9ca6-9e2c31c5a043 [2026-06-06T09:01:32.959165] Copy [/tmp/buildpacks/ee597f2be8090397/dependencies/e3a39aedd1236924d69cc2d0637a8ed2/yarn_1.22.22_linux_noarch_any-stack_4911d0a6.tgz] (STDOUT, STG)#
#2026 06 06 09:01:41.217#Z#DEBUG#27448597-6186-11f1-b50e-eeee0a9aa125.inventory-management-cap-db-deployer#flowable-async-job-executor-thread-12143#
[PollStageAppStatusExecution] f8f87642-0cbe-4e66-9ca6-9e2c31c5a043 [2026-06-06T09:01:33.412773] Installed yarn 1.22.22 (STDOUT, STG)#
#2026 06 06 09:01:41.217#Z#DEBUG#27448597-6186-11f1-b50e-eeee0a9aa125.inventory-management-cap-db-deployer#flowable-async-job-executor-thread-12143#
[PollStageAppStatusExecution] f8f87642-0cbe-4e66-9ca6-9e2c31c5a043 [2026-06-06T09:01:33.412892] -----> Creating runtime environment (STDOUT, STG)#
#2026 06 06 09:01:41.217#Z#DEBUG#27448597-6186-11f1-b50e-eeee0a9aa125.inventory-management-cap-db-deployer#flowable-async-job-executor-thread-12143#
[PollStageAppStatusExecution] f8f87642-0cbe-4e66-9ca6-9e2c31c5a043 [2026-06-06T09:01:33.414973] NODE_ENV=production (STDOUT, STG)#
#2026 06 06 09:01:41.217#Z#DEBUG#27448597-6186-11f1-b50e-eeee0a9aa125.inventory-management-cap-db-deployer#flowable-async-job-executor-thread-12143#
[PollStageAppStatusExecution] f8f87642-0cbe-4e66-9ca6-9e2c31c5a043 [2026-06-06T09:01:33.414983] NODE_HOME=/tmp/contents3171791746/deps/0/node (STDOUT, STG)#
#2026 06 06 09:01:41.217#Z#DEBUG#27448597-6186-11f1-b50e-eeee0a9aa125.inventory-management-cap-db-deployer#flowable-async-job-executor-thread-12143#
[PollStageAppStatusExecution] f8f87642-0cbe-4e66-9ca6-9e2c31c5a043 [2026-06-06T09:01:33.414986] NODE_MODULES_CACHE=true (STDOUT, STG)#
#2026 06 06 09:01:41.217#Z#DEBUG#27448597-6186-11f1-b50e-eeee0a9aa125.inventory-management-cap-db-deployer#flowable-async-job-executor-thread-12143#
[PollStageAppStatusExecution] f8f87642-0cbe-4e66-9ca6-9e2c31c5a043 [2026-06-06T09:01:33.415] NODE_VERBOSE=false (STDOUT, STG)#
#2026 06 06 09:01:41.217#Z#DEBUG#27448597-6186-11f1-b50e-eeee0a9aa125.inventory-management-cap-db-deployer#flowable-async-job-executor-thread-12143#
[PollStageAppStatusExecution] f8f87642-0cbe-4e66-9ca6-9e2c31c5a043 [2026-06-06T09:01:33.415003] NPM_CONFIG_LOGLEVEL=error (STDOUT, STG)#
#2026 06 06 09:01:41.217#Z#DEBUG#27448597-6186-11f1-b50e-eeee0a9aa125.inventory-management-cap-db-deployer#flowable-async-job-executor-thread-12143#
[PollStageAppStatusExecution] f8f87642-0cbe-4e66-9ca6-9e2c31c5a043 [2026-06-06T09:01:33.415006] NPM_CONFIG_PRODUCTION=true (STDOUT, STG)#
#2026 06 06 09:01:41.217#Z#DEBUG#27448597-6186-11f1-b50e-eeee0a9aa125.inventory-management-cap-db-deployer#flowable-async-job-executor-thread-12143#
[PollStageAppStatusExecution] f8f87642-0cbe-4e66-9ca6-9e2c31c5a043 [2026-06-06T09:01:33.415083] -----> Building dependencies (STDOUT, STG)#
#2026 06 06 09:01:41.217#Z#DEBUG#27448597-6186-11f1-b50e-eeee0a9aa125.inventory-management-cap-db-deployer#flowable-async-job-executor-thread-12143#
[PollStageAppStatusExecution] f8f87642-0cbe-4e66-9ca6-9e2c31c5a043 [2026-06-06T09:01:33.415091] Prebuild detected (node_modules already exists) (STDOUT, STG)#
#2026 06 06 09:01:41.217#Z#DEBUG#27448597-6186-11f1-b50e-eeee0a9aa125.inventory-management-cap-db-deployer#flowable-async-job-executor-thread-12143#
[PollStageAppStatusExecution] f8f87642-0cbe-4e66-9ca6-9e2c31c5a043 [2026-06-06T09:01:33.415176] Rebuilding any native modules (STDOUT, STG)#
#2026 06 06 09:01:41.217#Z#DEBUG#27448597-6186-11f1-b50e-eeee0a9aa125.inventory-management-cap-db-deployer#flowable-async-job-executor-thread-12143#
[PollStageAppStatusExecution] f8f87642-0cbe-4e66-9ca6-9e2c31c5a043 [2026-06-06T09:01:34.081252] rebuilt dependencies successfully (STDOUT, STG)#
#2026 06 06 09:01:41.217#Z#DEBUG#27448597-6186-11f1-b50e-eeee0a9aa125.inventory-management-cap-db-deployer#flowable-async-job-executor-thread-12143#
[PollStageAppStatusExecution] f8f87642-0cbe-4e66-9ca6-9e2c31c5a043 [2026-06-06T09:01:34.165524] Installing any new modules (package.json + package-lock.json) (STDOUT, STG)#
#2026 06 06 09:01:41.217#Z#DEBUG#27448597-6186-11f1-b50e-eeee0a9aa125.inventory-management-cap-db-deployer#flowable-async-job-executor-thread-12143#
[PollStageAppStatusExecution] f8f87642-0cbe-4e66-9ca6-9e2c31c5a043 [2026-06-06T09:01:34.700819] up to date in 440ms (STDOUT, STG)#
#2026 06 06 09:01:41.217#Z#DEBUG#27448597-6186-11f1-b50e-eeee0a9aa125.inventory-management-cap-db-deployer#flowable-async-job-executor-thread-12143#
[PollStageAppStatusExecution] f8f87642-0cbe-4e66-9ca6-9e2c31c5a043 [2026-06-06T09:01:34.701215] 4 packages are looking for funding (STDOUT, STG)#
#2026 06 06 09:01:41.217#Z#DEBUG#27448597-6186-11f1-b50e-eeee0a9aa125.inventory-management-cap-db-deployer#flowable-async-job-executor-thread-12143#
[PollStageAppStatusExecution] f8f87642-0cbe-4e66-9ca6-9e2c31c5a043 [2026-06-06T09:01:34.701399] run `npm fund` for details (STDOUT, STG)#
#2026 06 06 09:01:41.217#Z#DEBUG#27448597-6186-11f1-b50e-eeee0a9aa125.inventory-management-cap-db-deployer#flowable-async-job-executor-thread-12143#
[PollStageAppStatusExecution] f8f87642-0cbe-4e66-9ca6-9e2c31c5a043 [2026-06-06T09:01:35.507488] Contrast Security no credentials found. Will not write environment files. (STDOUT, STG)#
#2026 06 06 09:01:51.030#Z#DEBUG#27448597-6186-11f1-b50e-eeee0a9aa125.inventory-management-cap-db-deployer#flowable-async-job-executor-thread-12147#
[PollStageAppStatusExecution] f8f87642-0cbe-4e66-9ca6-9e2c31c5a043 [2026-06-06T09:01:48.205460] Exit status 0 (STDOUT, STG)#
#2026 06 06 09:01:51.030#Z#DEBUG#27448597-6186-11f1-b50e-eeee0a9aa125.inventory-management-cap-db-deployer#flowable-async-job-executor-thread-12147#
[PollStageAppStatusExecution] f8f87642-0cbe-4e66-9ca6-9e2c31c5a043 [2026-06-06T09:01:48.205526] Uploading droplet, build artifacts cache... (STDOUT, STG)#
#2026 06 06 09:01:51.030#Z#DEBUG#27448597-6186-11f1-b50e-eeee0a9aa125.inventory-management-cap-db-deployer#flowable-async-job-executor-thread-12147#
[PollStageAppStatusExecution] f8f87642-0cbe-4e66-9ca6-9e2c31c5a043 [2026-06-06T09:01:48.205580] Uploading droplet... (STDOUT, STG)#
#2026 06 06 09:01:51.030#Z#DEBUG#27448597-6186-11f1-b50e-eeee0a9aa125.inventory-management-cap-db-deployer#flowable-async-job-executor-thread-12147#
[PollStageAppStatusExecution] f8f87642-0cbe-4e66-9ca6-9e2c31c5a043 [2026-06-06T09:01:48.205581] Uploading build artifacts cache... (STDOUT, STG)#
#2026 06 06 09:01:51.030#Z#DEBUG#27448597-6186-11f1-b50e-eeee0a9aa125.inventory-management-cap-db-deployer#flowable-async-job-executor-thread-12147#
[PollStageAppStatusExecution] f8f87642-0cbe-4e66-9ca6-9e2c31c5a043 [2026-06-06T09:01:48.230618] Uploaded build artifacts cache (216B) (STDOUT, STG)#
#2026 06 06 09:01:51.030#Z#DEBUG#27448597-6186-11f1-b50e-eeee0a9aa125.inventory-management-cap-db-deployer#flowable-async-job-executor-thread-12147#
[PollStageAppStatusExecution] f8f87642-0cbe-4e66-9ca6-9e2c31c5a043 [2026-06-06T09:01:49.204201] Creating droplet for app with guid f8f87642-0cbe-4e66-9ca6-9e2c31c5a043 (STDOUT, API)#
#2026 06 06 09:02:01.087#Z#DEBUG#27448597-6186-11f1-b50e-eeee0a9aa125.inventory-management-cap-db-deployer#flowable-async-job-executor-thread-12151#
[PollStageAppStatusExecution] f8f87642-0cbe-4e66-9ca6-9e2c31c5a043 [2026-06-06T09:01:52.286742] Uploaded droplet (58.4M) (STDOUT, STG)#
#2026 06 06 09:02:01.088#Z#DEBUG#27448597-6186-11f1-b50e-eeee0a9aa125.inventory-management-cap-db-deployer#flowable-async-job-executor-thread-12151#
[PollStageAppStatusExecution] f8f87642-0cbe-4e66-9ca6-9e2c31c5a043 [2026-06-06T09:01:52.313883] Uploading complete (STDOUT, STG)#
#2026 06 06 09:02:01.088#Z#DEBUG#27448597-6186-11f1-b50e-eeee0a9aa125.inventory-management-cap-db-deployer#flowable-async-job-executor-thread-12151#
[PollStageAppStatusExecution] f8f87642-0cbe-4e66-9ca6-9e2c31c5a043 [2026-06-06T09:01:52.881135] Cell 1ea14514-f0fe-461c-9aa9-a53bbe093b00 stopping instance 46cc9fab-ece5-4c44-9d1b-823bf8686f72 (STDOUT, STG)#
#2026 06 06 09:02:01.088#Z#DEBUG#27448597-6186-11f1-b50e-eeee0a9aa125.inventory-management-cap-db-deployer#flowable-async-job-executor-thread-12151#
[PollStageAppStatusExecution] f8f87642-0cbe-4e66-9ca6-9e2c31c5a043 [2026-06-06T09:01:52.881184] Cell 1ea14514-f0fe-461c-9aa9-a53bbe093b00 destroying container for instance 46cc9fab-ece5-4c44-9d1b-823bf8686f72 (STDOUT, STG)#
#2026 06 06 09:02:01.088#Z#DEBUG#27448597-6186-11f1-b50e-eeee0a9aa125.inventory-management-cap-db-deployer#flowable-async-job-executor-thread-12151#
[PollStageAppStatusExecution] f8f87642-0cbe-4e66-9ca6-9e2c31c5a043 [2026-06-06T09:01:52.975103] Staging complete for build 46cc9fab-ece5-4c44-9d1b-823bf8686f72 (STDOUT, API)#
#2026 06 06 09:02:01.088#Z#DEBUG#27448597-6186-11f1-b50e-eeee0a9aa125.inventory-management-cap-db-deployer#flowable-async-job-executor-thread-12151#
[PollStageAppStatusExecution] f8f87642-0cbe-4e66-9ca6-9e2c31c5a043 [2026-06-06T09:01:57.139774] Cell 1ea14514-f0fe-461c-9aa9-a53bbe093b00 successfully destroyed container for instance 46cc9fab-ece5-4c44-9d1b-823bf8686f72 (STDOUT, STG)#
#2026 06 06 09:02:11.099#Z#DEBUG#27448597-6186-11f1-b50e-eeee0a9aa125.inventory-management-cap-db-deployer#flowable-async-job-executor-thread-12157#
[PollExecuteTaskStatusExecution] f8f87642-0cbe-4e66-9ca6-9e2c31c5a043 [2026-06-06T09:00:52.425038] Added process: "web" (STDOUT, API)#
#2026 06 06 09:02:11.099#Z#DEBUG#27448597-6186-11f1-b50e-eeee0a9aa125.inventory-management-cap-db-deployer#flowable-async-job-executor-thread-12157#
[PollExecuteTaskStatusExecution] f8f87642-0cbe-4e66-9ca6-9e2c31c5a043 [2026-06-06T09:00:52.440054] Created app with guid f8f87642-0cbe-4e66-9ca6-9e2c31c5a043 (STDOUT, API)#
#2026 06 06 09:02:11.099#Z#DEBUG#27448597-6186-11f1-b50e-eeee0a9aa125.inventory-management-cap-db-deployer#flowable-async-job-executor-thread-12157#
[PollExecuteTaskStatusExecution] f8f87642-0cbe-4e66-9ca6-9e2c31c5a043 [2026-06-06T09:00:52.537010] Updating process: "web" (STDOUT, API)#
#2026 06 06 09:02:11.099#Z#DEBUG#27448597-6186-11f1-b50e-eeee0a9aa125.inventory-management-cap-db-deployer#flowable-async-job-executor-thread-12157#
[PollExecuteTaskStatusExecution] f8f87642-0cbe-4e66-9ca6-9e2c31c5a043 [2026-06-06T09:00:52.621438] Scaling process: "web" (STDOUT, API)#
#2026 06 06 09:02:11.099#Z#DEBUG#27448597-6186-11f1-b50e-eeee0a9aa125.inventory-management-cap-db-deployer#flowable-async-job-executor-thread-12157#
[PollExecuteTaskStatusExecution] f8f87642-0cbe-4e66-9ca6-9e2c31c5a043 [2026-06-06T09:01:11.157196] Uploading app package for app with guid f8f87642-0cbe-4e66-9ca6-9e2c31c5a043 (STDOUT, API)#
#2026 06 06 09:02:11.099#Z#DEBUG#27448597-6186-11f1-b50e-eeee0a9aa125.inventory-management-cap-db-deployer#flowable-async-job-executor-thread-12157#
[PollExecuteTaskStatusExecution] f8f87642-0cbe-4e66-9ca6-9e2c31c5a043 [2026-06-06T09:01:11.417994] Updated app with guid f8f87642-0cbe-4e66-9ca6-9e2c31c5a043 ({"environment_variables"=>"[PRIVATE DATA HIDDEN]"}) (STDOUT, API)#
#2026 06 06 09:02:11.099#Z#DEBUG#27448597-6186-11f1-b50e-eeee0a9aa125.inventory-management-cap-db-deployer#flowable-async-job-executor-thread-12157#
[PollExecuteTaskStatusExecution] f8f87642-0cbe-4e66-9ca6-9e2c31c5a043 [2026-06-06T09:01:21.150156] Creating build for app with guid f8f87642-0cbe-4e66-9ca6-9e2c31c5a043 (STDOUT, API)#
#2026 06 06 09:02:11.099#Z#DEBUG#27448597-6186-11f1-b50e-eeee0a9aa125.inventory-management-cap-db-deployer#flowable-async-job-executor-thread-12157#
[PollExecuteTaskStatusExecution] f8f87642-0cbe-4e66-9ca6-9e2c31c5a043 [2026-06-06T09:01:21.456492] Downloading nodejs_buildpack... (STDOUT, STG)#
#2026 06 06 09:02:11.099#Z#DEBUG#27448597-6186-11f1-b50e-eeee0a9aa125.inventory-management-cap-db-deployer#flowable-async-job-executor-thread-12157#
[PollExecuteTaskStatusExecution] f8f87642-0cbe-4e66-9ca6-9e2c31c5a043 [2026-06-06T09:01:21.483548] Downloaded nodejs_buildpack (STDOUT, STG)#
#2026 06 06 09:02:11.099#Z#DEBUG#27448597-6186-11f1-b50e-eeee0a9aa125.inventory-management-cap-db-deployer#flowable-async-job-executor-thread-12157#
[PollExecuteTaskStatusExecution] f8f87642-0cbe-4e66-9ca6-9e2c31c5a043 [2026-06-06T09:01:21.483604] Cell 1ea14514-f0fe-461c-9aa9-a53bbe093b00 creating container for instance 46cc9fab-ece5-4c44-9d1b-823bf8686f72 (STDOUT, STG)#
#2026 06 06 09:02:11.099#Z#DEBUG#27448597-6186-11f1-b50e-eeee0a9aa125.inventory-management-cap-db-deployer#flowable-async-job-executor-thread-12157#
[PollExecuteTaskStatusExecution] f8f87642-0cbe-4e66-9ca6-9e2c31c5a043 [2026-06-06T09:01:22.247493] Security group rules were updated (STDOUT, STG)#
#2026 06 06 09:02:11.099#Z#DEBUG#27448597-6186-11f1-b50e-eeee0a9aa125.inventory-management-cap-db-deployer#flowable-async-job-executor-thread-12157#
[PollExecuteTaskStatusExecution] f8f87642-0cbe-4e66-9ca6-9e2c31c5a043 [2026-06-06T09:01:22.602332] Cell 1ea14514-f0fe-461c-9aa9-a53bbe093b00 successfully created container for instance 46cc9fab-ece5-4c44-9d1b-823bf8686f72 (STDOUT, STG)#
#2026 06 06 09:02:11.099#Z#DEBUG#27448597-6186-11f1-b50e-eeee0a9aa125.inventory-management-cap-db-deployer#flowable-async-job-executor-thread-12157#
[PollExecuteTaskStatusExecution] f8f87642-0cbe-4e66-9ca6-9e2c31c5a043 [2026-06-06T09:01:23.364180] Downloading app package... (STDOUT, STG)#
#2026 06 06 09:02:11.099#Z#DEBUG#27448597-6186-11f1-b50e-eeee0a9aa125.inventory-management-cap-db-deployer#flowable-async-job-executor-thread-12157#
[PollExecuteTaskStatusExecution] f8f87642-0cbe-4e66-9ca6-9e2c31c5a043 [2026-06-06T09:01:23.852719] Downloaded app package (2.3M) (STDOUT, STG)#
#2026 06 06 09:02:11.099#Z#DEBUG#27448597-6186-11f1-b50e-eeee0a9aa125.inventory-management-cap-db-deployer#flowable-async-job-executor-thread-12157#
[PollExecuteTaskStatusExecution] f8f87642-0cbe-4e66-9ca6-9e2c31c5a043 [2026-06-06T09:01:23.981254] -----> Nodejs Buildpack version 1.8.44 (STDOUT, STG)#
#2026 06 06 09:02:11.099#Z#DEBUG#27448597-6186-11f1-b50e-eeee0a9aa125.inventory-management-cap-db-deployer#flowable-async-job-executor-thread-12157#
[PollExecuteTaskStatusExecution] f8f87642-0cbe-4e66-9ca6-9e2c31c5a043 [2026-06-06T09:01:24.182152] -----> Bootstrapping python (STDOUT, STG)#
#2026 06 06 09:02:11.099#Z#DEBUG#27448597-6186-11f1-b50e-eeee0a9aa125.inventory-management-cap-db-deployer#flowable-async-job-executor-thread-12157#
[PollExecuteTaskStatusExecution] f8f87642-0cbe-4e66-9ca6-9e2c31c5a043 [2026-06-06T09:01:24.182165] -----> Installing python 3.11.14 (STDOUT, STG)#
#2026 06 06 09:02:11.100#Z#DEBUG#27448597-6186-11f1-b50e-eeee0a9aa125.inventory-management-cap-db-deployer#flowable-async-job-executor-thread-12157#
[PollExecuteTaskStatusExecution] f8f87642-0cbe-4e66-9ca6-9e2c31c5a043 [2026-06-06T09:01:24.182313] Copy [/tmp/buildpacks/ee597f2be8090397/dependencies/b5e0345ae0ae1932e7d56fffaa49a487/python_3.11.14_linux_x64_cflinuxfs4_66f53248.tgz] (STDOUT, STG)#
#2026 06 06 09:02:11.100#Z#DEBUG#27448597-6186-11f1-b50e-eeee0a9aa125.inventory-management-cap-db-deployer#flowable-async-job-executor-thread-12157#
[PollExecuteTaskStatusExecution] f8f87642-0cbe-4e66-9ca6-9e2c31c5a043 [2026-06-06T09:01:29.447610] -----> Installing binaries (STDOUT, STG)#
#2026 06 06 09:02:11.100#Z#DEBUG#27448597-6186-11f1-b50e-eeee0a9aa125.inventory-management-cap-db-deployer#flowable-async-job-executor-thread-12157#
[PollExecuteTaskStatusExecution] f8f87642-0cbe-4e66-9ca6-9e2c31c5a043 [2026-06-06T09:01:29.447709] engines.node (package.json): >=18 (STDOUT, STG)#
#2026 06 06 09:02:11.100#Z#DEBUG#27448597-6186-11f1-b50e-eeee0a9aa125.inventory-management-cap-db-deployer#flowable-async-job-executor-thread-12157#
[PollExecuteTaskStatusExecution] f8f87642-0cbe-4e66-9ca6-9e2c31c5a043 [2026-06-06T09:01:29.447824] engines.npm (package.json): unspecified (use default) (STDOUT, STG)#
#2026 06 06 09:02:11.100#Z#DEBUG#27448597-6186-11f1-b50e-eeee0a9aa125.inventory-management-cap-db-deployer#flowable-async-job-executor-thread-12157#
[PollExecuteTaskStatusExecution] f8f87642-0cbe-4e66-9ca6-9e2c31c5a043 [2026-06-06T09:01:29.447841] [31;1m**WARNING**[0m Dangerous semver range (>) in engines.node. See: http://docs.cloudfoundry.org/buildpacks/node/node-tips.html (STDOUT, STG)#
#2026 06 06 09:02:11.100#Z#DEBUG#27448597-6186-11f1-b50e-eeee0a9aa125.inventory-management-cap-db-deployer#flowable-async-job-executor-thread-12157#
[PollExecuteTaskStatusExecution] f8f87642-0cbe-4e66-9ca6-9e2c31c5a043 [2026-06-06T09:01:29.447845] -----> Installing node 24.13.0 (STDOUT, STG)#
#2026 06 06 09:02:11.100#Z#DEBUG#27448597-6186-11f1-b50e-eeee0a9aa125.inventory-management-cap-db-deployer#flowable-async-job-executor-thread-12157#
[PollExecuteTaskStatusExecution] f8f87642-0cbe-4e66-9ca6-9e2c31c5a043 [2026-06-06T09:01:29.448087] Copy [/tmp/buildpacks/ee597f2be8090397/dependencies/2f5692219fecc3eee6e6d507a6bfe7b9/node_24.13.0_linux_x64_cflinuxfs4_a816dee1.tgz] (STDOUT, STG)#
#2026 06 06 09:02:11.100#Z#DEBUG#27448597-6186-11f1-b50e-eeee0a9aa125.inventory-management-cap-db-deployer#flowable-async-job-executor-thread-12157#
[PollExecuteTaskStatusExecution] f8f87642-0cbe-4e66-9ca6-9e2c31c5a043 [2026-06-06T09:01:32.958910] Using default npm version: 11.6.2 (STDOUT, STG)#
#2026 06 06 09:02:11.100#Z#DEBUG#27448597-6186-11f1-b50e-eeee0a9aa125.inventory-management-cap-db-deployer#flowable-async-job-executor-thread-12157#
[PollExecuteTaskStatusExecution] f8f87642-0cbe-4e66-9ca6-9e2c31c5a043 [2026-06-06T09:01:32.958924] -----> Installing yarn 1.22.22 (STDOUT, STG)#
#2026 06 06 09:02:11.100#Z#DEBUG#27448597-6186-11f1-b50e-eeee0a9aa125.inventory-management-cap-db-deployer#flowable-async-job-executor-thread-12157#
[PollExecuteTaskStatusExecution] f8f87642-0cbe-4e66-9ca6-9e2c31c5a043 [2026-06-06T09:01:32.959165] Copy [/tmp/buildpacks/ee597f2be8090397/dependencies/e3a39aedd1236924d69cc2d0637a8ed2/yarn_1.22.22_linux_noarch_any-stack_4911d0a6.tgz] (STDOUT, STG)#
#2026 06 06 09:02:11.100#Z#DEBUG#27448597-6186-11f1-b50e-eeee0a9aa125.inventory-management-cap-db-deployer#flowable-async-job-executor-thread-12157#
[PollExecuteTaskStatusExecution] f8f87642-0cbe-4e66-9ca6-9e2c31c5a043 [2026-06-06T09:01:33.412773] Installed yarn 1.22.22 (STDOUT, STG)#
#2026 06 06 09:02:11.100#Z#DEBUG#27448597-6186-11f1-b50e-eeee0a9aa125.inventory-management-cap-db-deployer#flowable-async-job-executor-thread-12157#
[PollExecuteTaskStatusExecution] f8f87642-0cbe-4e66-9ca6-9e2c31c5a043 [2026-06-06T09:01:33.412892] -----> Creating runtime environment (STDOUT, STG)#
#2026 06 06 09:02:11.100#Z#DEBUG#27448597-6186-11f1-b50e-eeee0a9aa125.inventory-management-cap-db-deployer#flowable-async-job-executor-thread-12157#
[PollExecuteTaskStatusExecution] f8f87642-0cbe-4e66-9ca6-9e2c31c5a043 [2026-06-06T09:01:33.414973] NODE_ENV=production (STDOUT, STG)#
#2026 06 06 09:02:11.100#Z#DEBUG#27448597-6186-11f1-b50e-eeee0a9aa125.inventory-management-cap-db-deployer#flowable-async-job-executor-thread-12157#
[PollExecuteTaskStatusExecution] f8f87642-0cbe-4e66-9ca6-9e2c31c5a043 [2026-06-06T09:01:33.414983] NODE_HOME=/tmp/contents3171791746/deps/0/node (STDOUT, STG)#
#2026 06 06 09:02:11.100#Z#DEBUG#27448597-6186-11f1-b50e-eeee0a9aa125.inventory-management-cap-db-deployer#flowable-async-job-executor-thread-12157#
[PollExecuteTaskStatusExecution] f8f87642-0cbe-4e66-9ca6-9e2c31c5a043 [2026-06-06T09:01:33.414986] NODE_MODULES_CACHE=true (STDOUT, STG)#
#2026 06 06 09:02:11.100#Z#DEBUG#27448597-6186-11f1-b50e-eeee0a9aa125.inventory-management-cap-db-deployer#flowable-async-job-executor-thread-12157#
[PollExecuteTaskStatusExecution] f8f87642-0cbe-4e66-9ca6-9e2c31c5a043 [2026-06-06T09:01:33.415] NODE_VERBOSE=false (STDOUT, STG)#
#2026 06 06 09:02:11.100#Z#DEBUG#27448597-6186-11f1-b50e-eeee0a9aa125.inventory-management-cap-db-deployer#flowable-async-job-executor-thread-12157#
[PollExecuteTaskStatusExecution] f8f87642-0cbe-4e66-9ca6-9e2c31c5a043 [2026-06-06T09:01:33.415003] NPM_CONFIG_LOGLEVEL=error (STDOUT, STG)#
#2026 06 06 09:02:11.100#Z#DEBUG#27448597-6186-11f1-b50e-eeee0a9aa125.inventory-management-cap-db-deployer#flowable-async-job-executor-thread-12157#
[PollExecuteTaskStatusExecution] f8f87642-0cbe-4e66-9ca6-9e2c31c5a043 [2026-06-06T09:01:33.415006] NPM_CONFIG_PRODUCTION=true (STDOUT, STG)#
#2026 06 06 09:02:11.100#Z#DEBUG#27448597-6186-11f1-b50e-eeee0a9aa125.inventory-management-cap-db-deployer#flowable-async-job-executor-thread-12157#
[PollExecuteTaskStatusExecution] f8f87642-0cbe-4e66-9ca6-9e2c31c5a043 [2026-06-06T09:01:33.415083] -----> Building dependencies (STDOUT, STG)#
#2026 06 06 09:02:11.100#Z#DEBUG#27448597-6186-11f1-b50e-eeee0a9aa125.inventory-management-cap-db-deployer#flowable-async-job-executor-thread-12157#
[PollExecuteTaskStatusExecution] f8f87642-0cbe-4e66-9ca6-9e2c31c5a043 [2026-06-06T09:01:33.415091] Prebuild detected (node_modules already exists) (STDOUT, STG)#
#2026 06 06 09:02:11.100#Z#DEBUG#27448597-6186-11f1-b50e-eeee0a9aa125.inventory-management-cap-db-deployer#flowable-async-job-executor-thread-12157#
[PollExecuteTaskStatusExecution] f8f87642-0cbe-4e66-9ca6-9e2c31c5a043 [2026-06-06T09:01:33.415176] Rebuilding any native modules (STDOUT, STG)#
#2026 06 06 09:02:11.100#Z#DEBUG#27448597-6186-11f1-b50e-eeee0a9aa125.inventory-management-cap-db-deployer#flowable-async-job-executor-thread-12157#
[PollExecuteTaskStatusExecution] f8f87642-0cbe-4e66-9ca6-9e2c31c5a043 [2026-06-06T09:01:34.081252] rebuilt dependencies successfully (STDOUT, STG)#
#2026 06 06 09:02:11.100#Z#DEBUG#27448597-6186-11f1-b50e-eeee0a9aa125.inventory-management-cap-db-deployer#flowable-async-job-executor-thread-12157#
[PollExecuteTaskStatusExecution] f8f87642-0cbe-4e66-9ca6-9e2c31c5a043 [2026-06-06T09:01:34.165524] Installing any new modules (package.json + package-lock.json) (STDOUT, STG)#
#2026 06 06 09:02:11.100#Z#DEBUG#27448597-6186-11f1-b50e-eeee0a9aa125.inventory-management-cap-db-deployer#flowable-async-job-executor-thread-12157#
[PollExecuteTaskStatusExecution] f8f87642-0cbe-4e66-9ca6-9e2c31c5a043 [2026-06-06T09:01:34.700819] up to date in 440ms (STDOUT, STG)#
#2026 06 06 09:02:11.100#Z#DEBUG#27448597-6186-11f1-b50e-eeee0a9aa125.inventory-management-cap-db-deployer#flowable-async-job-executor-thread-12157#
[PollExecuteTaskStatusExecution] f8f87642-0cbe-4e66-9ca6-9e2c31c5a043 [2026-06-06T09:01:34.701215] 4 packages are looking for funding (STDOUT, STG)#
#2026 06 06 09:02:11.100#Z#DEBUG#27448597-6186-11f1-b50e-eeee0a9aa125.inventory-management-cap-db-deployer#flowable-async-job-executor-thread-12157#
[PollExecuteTaskStatusExecution] f8f87642-0cbe-4e66-9ca6-9e2c31c5a043 [2026-06-06T09:01:34.701399] run `npm fund` for details (STDOUT, STG)#
#2026 06 06 09:02:11.100#Z#DEBUG#27448597-6186-11f1-b50e-eeee0a9aa125.inventory-management-cap-db-deployer#flowable-async-job-executor-thread-12157#
[PollExecuteTaskStatusExecution] f8f87642-0cbe-4e66-9ca6-9e2c31c5a043 [2026-06-06T09:01:35.507488] Contrast Security no credentials found. Will not write environment files. (STDOUT, STG)#
#2026 06 06 09:02:11.100#Z#DEBUG#27448597-6186-11f1-b50e-eeee0a9aa125.inventory-management-cap-db-deployer#flowable-async-job-executor-thread-12157#
[PollExecuteTaskStatusExecution] f8f87642-0cbe-4e66-9ca6-9e2c31c5a043 [2026-06-06T09:01:48.205460] Exit status 0 (STDOUT, STG)#
#2026 06 06 09:02:11.100#Z#DEBUG#27448597-6186-11f1-b50e-eeee0a9aa125.inventory-management-cap-db-deployer#flowable-async-job-executor-thread-12157#
[PollExecuteTaskStatusExecution] f8f87642-0cbe-4e66-9ca6-9e2c31c5a043 [2026-06-06T09:01:48.205526] Uploading droplet, build artifacts cache... (STDOUT, STG)#
#2026 06 06 09:02:11.100#Z#DEBUG#27448597-6186-11f1-b50e-eeee0a9aa125.inventory-management-cap-db-deployer#flowable-async-job-executor-thread-12157#
[PollExecuteTaskStatusExecution] f8f87642-0cbe-4e66-9ca6-9e2c31c5a043 [2026-06-06T09:01:48.205580] Uploading droplet... (STDOUT, STG)#
#2026 06 06 09:02:11.100#Z#DEBUG#27448597-6186-11f1-b50e-eeee0a9aa125.inventory-management-cap-db-deployer#flowable-async-job-executor-thread-12157#
[PollExecuteTaskStatusExecution] f8f87642-0cbe-4e66-9ca6-9e2c31c5a043 [2026-06-06T09:01:48.205581] Uploading build artifacts cache... (STDOUT, STG)#
#2026 06 06 09:02:11.100#Z#DEBUG#27448597-6186-11f1-b50e-eeee0a9aa125.inventory-management-cap-db-deployer#flowable-async-job-executor-thread-12157#
[PollExecuteTaskStatusExecution] f8f87642-0cbe-4e66-9ca6-9e2c31c5a043 [2026-06-06T09:01:48.230618] Uploaded build artifacts cache (216B) (STDOUT, STG)#
#2026 06 06 09:02:11.100#Z#DEBUG#27448597-6186-11f1-b50e-eeee0a9aa125.inventory-management-cap-db-deployer#flowable-async-job-executor-thread-12157#
[PollExecuteTaskStatusExecution] f8f87642-0cbe-4e66-9ca6-9e2c31c5a043 [2026-06-06T09:01:49.204201] Creating droplet for app with guid f8f87642-0cbe-4e66-9ca6-9e2c31c5a043 (STDOUT, API)#
#2026 06 06 09:02:11.100#Z#DEBUG#27448597-6186-11f1-b50e-eeee0a9aa125.inventory-management-cap-db-deployer#flowable-async-job-executor-thread-12157#
[PollExecuteTaskStatusExecution] f8f87642-0cbe-4e66-9ca6-9e2c31c5a043 [2026-06-06T09:01:52.286742] Uploaded droplet (58.4M) (STDOUT, STG)#
#2026 06 06 09:02:11.100#Z#DEBUG#27448597-6186-11f1-b50e-eeee0a9aa125.inventory-management-cap-db-deployer#flowable-async-job-executor-thread-12157#
[PollExecuteTaskStatusExecution] f8f87642-0cbe-4e66-9ca6-9e2c31c5a043 [2026-06-06T09:01:52.313883] Uploading complete (STDOUT, STG)#
#2026 06 06 09:02:11.100#Z#DEBUG#27448597-6186-11f1-b50e-eeee0a9aa125.inventory-management-cap-db-deployer#flowable-async-job-executor-thread-12157#
[PollExecuteTaskStatusExecution] f8f87642-0cbe-4e66-9ca6-9e2c31c5a043 [2026-06-06T09:01:52.881135] Cell 1ea14514-f0fe-461c-9aa9-a53bbe093b00 stopping instance 46cc9fab-ece5-4c44-9d1b-823bf8686f72 (STDOUT, STG)#
#2026 06 06 09:02:11.100#Z#DEBUG#27448597-6186-11f1-b50e-eeee0a9aa125.inventory-management-cap-db-deployer#flowable-async-job-executor-thread-12157#
[PollExecuteTaskStatusExecution] f8f87642-0cbe-4e66-9ca6-9e2c31c5a043 [2026-06-06T09:01:52.881184] Cell 1ea14514-f0fe-461c-9aa9-a53bbe093b00 destroying container for instance 46cc9fab-ece5-4c44-9d1b-823bf8686f72 (STDOUT, STG)#
#2026 06 06 09:02:11.100#Z#DEBUG#27448597-6186-11f1-b50e-eeee0a9aa125.inventory-management-cap-db-deployer#flowable-async-job-executor-thread-12157#
[PollExecuteTaskStatusExecution] f8f87642-0cbe-4e66-9ca6-9e2c31c5a043 [2026-06-06T09:01:52.975103] Staging complete for build 46cc9fab-ece5-4c44-9d1b-823bf8686f72 (STDOUT, API)#
#2026 06 06 09:02:11.100#Z#DEBUG#27448597-6186-11f1-b50e-eeee0a9aa125.inventory-management-cap-db-deployer#flowable-async-job-executor-thread-12157#
[PollExecuteTaskStatusExecution] f8f87642-0cbe-4e66-9ca6-9e2c31c5a043 [2026-06-06T09:01:57.139774] Cell 1ea14514-f0fe-461c-9aa9-a53bbe093b00 successfully destroyed container for instance 46cc9fab-ece5-4c44-9d1b-823bf8686f72 (STDOUT, STG)#
#2026 06 06 09:02:11.100#Z#DEBUG#27448597-6186-11f1-b50e-eeee0a9aa125.inventory-management-cap-db-deployer#flowable-async-job-executor-thread-12157#
[PollExecuteTaskStatusExecution] f8f87642-0cbe-4e66-9ca6-9e2c31c5a043 [2026-06-06T09:02:01.164529] Updated app with guid f8f87642-0cbe-4e66-9ca6-9e2c31c5a043 ({:droplet_guid=>"eb4e5bf8-157e-4b75-b0ac-1bf84ddcdd9c"}) (STDOUT, API)#
#2026 06 06 09:02:11.100#Z#DEBUG#27448597-6186-11f1-b50e-eeee0a9aa125.inventory-management-cap-db-deployer#flowable-async-job-executor-thread-12157#
[PollExecuteTaskStatusExecution] f8f87642-0cbe-4e66-9ca6-9e2c31c5a043 [2026-06-06T09:02:01.694031] Cell 1ea14514-f0fe-461c-9aa9-a53bbe093b00 creating container for instance 6a318dd9-fff1-45d4-80cf-6b78ea3f4d00 (STDOUT, CELL)#
#2026 06 06 09:02:11.100#Z#DEBUG#27448597-6186-11f1-b50e-eeee0a9aa125.inventory-management-cap-db-deployer#flowable-async-job-executor-thread-12157#
[PollExecuteTaskStatusExecution] f8f87642-0cbe-4e66-9ca6-9e2c31c5a043 [2026-06-06T09:02:02.483283] Security group rules were updated (STDOUT, CELL)#
#2026 06 06 09:02:11.100#Z#DEBUG#27448597-6186-11f1-b50e-eeee0a9aa125.inventory-management-cap-db-deployer#flowable-async-job-executor-thread-12157#
[PollExecuteTaskStatusExecution] f8f87642-0cbe-4e66-9ca6-9e2c31c5a043 [2026-06-06T09:02:02.598002] Cell 1ea14514-f0fe-461c-9aa9-a53bbe093b00 successfully created container for instance 6a318dd9-fff1-45d4-80cf-6b78ea3f4d00 (STDOUT, CELL)#
#2026 06 06 09:02:11.100#Z#DEBUG#27448597-6186-11f1-b50e-eeee0a9aa125.inventory-management-cap-db-deployer#flowable-async-job-executor-thread-12157#
[PollExecuteTaskStatusExecution] f8f87642-0cbe-4e66-9ca6-9e2c31c5a043 [2026-06-06T09:02:08.084226] Invoking pre-start scripts. (STDOUT, APP/TASK/deploy)#
#2026 06 06 09:02:11.100#Z#DEBUG#27448597-6186-11f1-b50e-eeee0a9aa125.inventory-management-cap-db-deployer#flowable-async-job-executor-thread-12157#
[PollExecuteTaskStatusExecution] f8f87642-0cbe-4e66-9ca6-9e2c31c5a043 [2026-06-06T09:02:08.344297] Invoking start command. (STDOUT, APP/TASK/deploy)#
#2026 06 06 09:02:11.100#Z#DEBUG#27448597-6186-11f1-b50e-eeee0a9aa125.inventory-management-cap-db-deployer#flowable-async-job-executor-thread-12157#
[PollExecuteTaskStatusExecution] f8f87642-0cbe-4e66-9ca6-9e2c31c5a043 [2026-06-06T09:02:08.845869] > start (STDOUT, APP/TASK/deploy)#
#2026 06 06 09:02:11.100#Z#DEBUG#27448597-6186-11f1-b50e-eeee0a9aa125.inventory-management-cap-db-deployer#flowable-async-job-executor-thread-12157#
[PollExecuteTaskStatusExecution] f8f87642-0cbe-4e66-9ca6-9e2c31c5a043 [2026-06-06T09:02:08.845883] > node node_modules/@sap/hdi-deploy/deploy.js --use-hdb --parameter com.sap.hana.di.table/try_fast_table_migration=true (STDOUT, APP/TASK/deploy)#
#2026 06 06 09:02:11.100#Z#DEBUG#27448597-6186-11f1-b50e-eeee0a9aa125.inventory-management-cap-db-deployer#flowable-async-job-executor-thread-12157#
[PollExecuteTaskStatusExecution] f8f87642-0cbe-4e66-9ca6-9e2c31c5a043 [2026-06-06T09:02:09.012738] VCAP_SERVICES: (STDOUT, APP/TASK/deploy)#
#2026 06 06 09:02:11.100#Z#DEBUG#27448597-6186-11f1-b50e-eeee0a9aa125.inventory-management-cap-db-deployer#flowable-async-job-executor-thread-12157#
[PollExecuteTaskStatusExecution] f8f87642-0cbe-4e66-9ca6-9e2c31c5a043 [2026-06-06T09:02:09.013052] { (STDOUT, APP/TASK/deploy)#
#2026 06 06 09:02:11.100#Z#DEBUG#27448597-6186-11f1-b50e-eeee0a9aa125.inventory-management-cap-db-deployer#flowable-async-job-executor-thread-12157#
[PollExecuteTaskStatusExecution] f8f87642-0cbe-4e66-9ca6-9e2c31c5a043 [2026-06-06T09:02:09.013063] "hana": [ (STDOUT, APP/TASK/deploy)#
#2026 06 06 09:02:11.100#Z#DEBUG#27448597-6186-11f1-b50e-eeee0a9aa125.inventory-management-cap-db-deployer#flowable-async-job-executor-thread-12157#
[PollExecuteTaskStatusExecution] f8f87642-0cbe-4e66-9ca6-9e2c31c5a043 [2026-06-06T09:02:09.013067] { (STDOUT, APP/TASK/deploy)#
#2026 06 06 09:02:11.100#Z#DEBUG#27448597-6186-11f1-b50e-eeee0a9aa125.inventory-management-cap-db-deployer#flowable-async-job-executor-thread-12157#
[PollExecuteTaskStatusExecution] f8f87642-0cbe-4e66-9ca6-9e2c31c5a043 [2026-06-06T09:02:09.013070] "name": "inventory-management-cap-db", (STDOUT, APP/TASK/deploy)#
#2026 06 06 09:02:11.100#Z#DEBUG#27448597-6186-11f1-b50e-eeee0a9aa125.inventory-management-cap-db-deployer#flowable-async-job-executor-thread-12157#
[PollExecuteTaskStatusExecution] f8f87642-0cbe-4e66-9ca6-9e2c31c5a043 [2026-06-06T09:02:09.013073] "label": "hana", (STDOUT, APP/TASK/deploy)#
#2026 06 06 09:02:11.100#Z#DEBUG#27448597-6186-11f1-b50e-eeee0a9aa125.inventory-management-cap-db-deployer#flowable-async-job-executor-thread-12157#
[PollExecuteTaskStatusExecution] f8f87642-0cbe-4e66-9ca6-9e2c31c5a043 [2026-06-06T09:02:09.013077] "plan": "hdi-shared", (STDOUT, APP/TASK/deploy)#
#2026 06 06 09:02:11.100#Z#DEBUG#27448597-6186-11f1-b50e-eeee0a9aa125.inventory-management-cap-db-deployer#flowable-async-job-executor-thread-12157#
[PollExecuteTaskStatusExecution] f8f87642-0cbe-4e66-9ca6-9e2c31c5a043 [2026-06-06T09:02:09.013080] "credentials": { (STDOUT, APP/TASK/deploy)#
#2026 06 06 09:02:11.100#Z#DEBUG#27448597-6186-11f1-b50e-eeee0a9aa125.inventory-management-cap-db-deployer#flowable-async-job-executor-thread-12157#
[PollExecuteTaskStatusExecution] f8f87642-0cbe-4e66-9ca6-9e2c31c5a043 [2026-06-06T09:02:09.013086] "schema": "B1DF0DDFD6C4485685ABA2C752507121", (STDOUT, APP/TASK/deploy)#
#2026 06 06 09:02:11.100#Z#DEBUG#27448597-6186-11f1-b50e-eeee0a9aa125.inventory-management-cap-db-deployer#flowable-async-job-executor-thread-12157#
[PollExecuteTaskStatusExecution] f8f87642-0cbe-4e66-9ca6-9e2c31c5a043 [2026-06-06T09:02:09.013093] "database_id": "25bee922-5c37-4180-a7be-366e74ca8905", (STDOUT, APP/TASK/deploy)#
#2026 06 06 09:02:11.100#Z#DEBUG#27448597-6186-11f1-b50e-eeee0a9aa125.inventory-management-cap-db-deployer#flowable-async-job-executor-thread-12157#
[PollExecuteTaskStatusExecution] f8f87642-0cbe-4e66-9ca6-9e2c31c5a043 [2026-06-06T09:02:09.013098] "user": "B1DF0DDFD6C4485685ABA2C752507121_65QG21ELU36WLEMB40QF6VTWC_RT", (STDOUT, APP/TASK/deploy)#
#2026 06 06 09:02:11.100#Z#DEBUG#27448597-6186-11f1-b50e-eeee0a9aa125.inventory-management-cap-db-deployer#flowable-async-job-executor-thread-12157#
[PollExecuteTaskStatusExecution] f8f87642-0cbe-4e66-9ca6-9e2c31c5a043 [2026-06-06T09:02:09.013101] "hdi_user": "B1DF0DDFD6C4485685ABA2C752507121_65QG21ELU36WLEMB40QF6VTWC_DT" (STDOUT, APP/TASK/deploy)#
#2026 06 06 09:02:11.100#Z#DEBUG#27448597-6186-11f1-b50e-eeee0a9aa125.inventory-management-cap-db-deployer#flowable-async-job-executor-thread-12157#
[PollExecuteTaskStatusExecution] f8f87642-0cbe-4e66-9ca6-9e2c31c5a043 [2026-06-06T09:02:09.013104] }, (STDOUT, APP/TASK/deploy)#
#2026 06 06 09:02:11.100#Z#DEBUG#27448597-6186-11f1-b50e-eeee0a9aa125.inventory-management-cap-db-deployer#flowable-async-job-executor-thread-12157#
[PollExecuteTaskStatusExecution] f8f87642-0cbe-4e66-9ca6-9e2c31c5a043 [2026-06-06T09:02:09.013107] "tags": [ (STDOUT, APP/TASK/deploy)#
#2026 06 06 09:02:11.100#Z#DEBUG#27448597-6186-11f1-b50e-eeee0a9aa125.inventory-management-cap-db-deployer#flowable-async-job-executor-thread-12157#
[PollExecuteTaskStatusExecution] f8f87642-0cbe-4e66-9ca6-9e2c31c5a043 [2026-06-06T09:02:09.013111] "hana", (STDOUT, APP/TASK/deploy)#
#2026 06 06 09:02:11.100#Z#DEBUG#27448597-6186-11f1-b50e-eeee0a9aa125.inventory-management-cap-db-deployer#flowable-async-job-executor-thread-12157#
[PollExecuteTaskStatusExecution] f8f87642-0cbe-4e66-9ca6-9e2c31c5a043 [2026-06-06T09:02:09.013114] "database", (STDOUT, APP/TASK/deploy)#
#2026 06 06 09:02:11.100#Z#DEBUG#27448597-6186-11f1-b50e-eeee0a9aa125.inventory-management-cap-db-deployer#flowable-async-job-executor-thread-12157#
[PollExecuteTaskStatusExecution] f8f87642-0cbe-4e66-9ca6-9e2c31c5a043 [2026-06-06T09:02:09.013117] "relational" (STDOUT, APP/TASK/deploy)#
#2026 06 06 09:02:11.100#Z#DEBUG#27448597-6186-11f1-b50e-eeee0a9aa125.inventory-management-cap-db-deployer#flowable-async-job-executor-thread-12157#
[PollExecuteTaskStatusExecution] f8f87642-0cbe-4e66-9ca6-9e2c31c5a043 [2026-06-06T09:02:09.013120] ] (STDOUT, APP/TASK/deploy)#
#2026 06 06 09:02:11.100#Z#DEBUG#27448597-6186-11f1-b50e-eeee0a9aa125.inventory-management-cap-db-deployer#flowable-async-job-executor-thread-12157#
[PollExecuteTaskStatusExecution] f8f87642-0cbe-4e66-9ca6-9e2c31c5a043 [2026-06-06T09:02:09.013125] } (STDOUT, APP/TASK/deploy)#
#2026 06 06 09:02:11.100#Z#DEBUG#27448597-6186-11f1-b50e-eeee0a9aa125.inventory-management-cap-db-deployer#flowable-async-job-executor-thread-12157#
[PollExecuteTaskStatusExecution] f8f87642-0cbe-4e66-9ca6-9e2c31c5a043 [2026-06-06T09:02:09.013130] ] (STDOUT, APP/TASK/deploy)#
#2026 06 06 09:02:11.100#Z#DEBUG#27448597-6186-11f1-b50e-eeee0a9aa125.inventory-management-cap-db-deployer#flowable-async-job-executor-thread-12157#
[PollExecuteTaskStatusExecution] f8f87642-0cbe-4e66-9ca6-9e2c31c5a043 [2026-06-06T09:02:09.013133] } (STDOUT, APP/TASK/deploy)#
#2026 06 06 09:02:11.100#Z#DEBUG#27448597-6186-11f1-b50e-eeee0a9aa125.inventory-management-cap-db-deployer#flowable-async-job-executor-thread-12157#
[PollExecuteTaskStatusExecution] f8f87642-0cbe-4e66-9ca6-9e2c31c5a043 [2026-06-06T09:02:09.524214] @sap/hdi-deploy, version 5.6.1 (mode default), server version 4.00.000.00.1778573239 (4.0.0.0), cloud version 2026.2.14, node version 24.13.0, HDI version 1016, container API version 1007 (STDOUT, APP/TASK/deploy)#
#2026 06 06 09:02:11.100#Z#DEBUG#27448597-6186-11f1-b50e-eeee0a9aa125.inventory-management-cap-db-deployer#flowable-async-job-executor-thread-12157#
[PollExecuteTaskStatusExecution] f8f87642-0cbe-4e66-9ca6-9e2c31c5a043 [2026-06-06T09:02:09.524383] Deployment started at 2026-06-06 09:02:09 (STDOUT, APP/TASK/deploy)#
#2026 06 06 09:02:11.100#Z#DEBUG#27448597-6186-11f1-b50e-eeee0a9aa125.inventory-management-cap-db-deployer#flowable-async-job-executor-thread-12157#
[PollExecuteTaskStatusExecution] f8f87642-0cbe-4e66-9ca6-9e2c31c5a043 [2026-06-06T09:02:09.524601] Using hdb@2.27.1 for connection (STDOUT, APP/TASK/deploy)#
#2026 06 06 09:02:11.100#Z#DEBUG#27448597-6186-11f1-b50e-eeee0a9aa125.inventory-management-cap-db-deployer#flowable-async-job-executor-thread-12157#
[PollExecuteTaskStatusExecution] f8f87642-0cbe-4e66-9ca6-9e2c31c5a043 [2026-06-06T09:02:09.546526] No ignore file at /home/vcap/app/.hdiignore. (STDOUT, APP/TASK/deploy)#
#2026 06 06 09:02:11.100#Z#DEBUG#27448597-6186-11f1-b50e-eeee0a9aa125.inventory-management-cap-db-deployer#flowable-async-job-executor-thread-12157#
[PollExecuteTaskStatusExecution] f8f87642-0cbe-4e66-9ca6-9e2c31c5a043 [2026-06-06T09:02:09.546883] Collecting files... (STDOUT, APP/TASK/deploy)#
#2026 06 06 09:02:11.100#Z#DEBUG#27448597-6186-11f1-b50e-eeee0a9aa125.inventory-management-cap-db-deployer#flowable-async-job-executor-thread-12157#
[PollExecuteTaskStatusExecution] f8f87642-0cbe-4e66-9ca6-9e2c31c5a043 [2026-06-06T09:02:09.551029] Collecting files... ok (0s 4ms) (STDOUT, APP/TASK/deploy)#
#2026 06 06 09:02:11.100#Z#DEBUG#27448597-6186-11f1-b50e-eeee0a9aa125.inventory-management-cap-db-deployer#flowable-async-job-executor-thread-12157#
[PollExecuteTaskStatusExecution] f8f87642-0cbe-4e66-9ca6-9e2c31c5a043 [2026-06-06T09:02:09.551038] 3 directories collected (STDOUT, APP/TASK/deploy)#
#2026 06 06 09:02:11.100#Z#DEBUG#27448597-6186-11f1-b50e-eeee0a9aa125.inventory-management-cap-db-deployer#flowable-async-job-executor-thread-12157#
[PollExecuteTaskStatusExecution] f8f87642-0cbe-4e66-9ca6-9e2c31c5a043 [2026-06-06T09:02:09.551042] 27 files collected (STDOUT, APP/TASK/deploy)#
#2026 06 06 09:02:11.100#Z#DEBUG#27448597-6186-11f1-b50e-eeee0a9aa125.inventory-management-cap-db-deployer#flowable-async-job-executor-thread-12157#
[PollExecuteTaskStatusExecution] f8f87642-0cbe-4e66-9ca6-9e2c31c5a043 [2026-06-06T09:02:09.551045] 0 reusable modules collected (STDOUT, APP/TASK/deploy)#
#2026 06 06 09:02:11.100#Z#DEBUG#27448597-6186-11f1-b50e-eeee0a9aa125.inventory-management-cap-db-deployer#flowable-async-job-executor-thread-12157#
[PollExecuteTaskStatusExecution] f8f87642-0cbe-4e66-9ca6-9e2c31c5a043 [2026-06-06T09:02:09.551092] Target service: inventory-management-cap-db (STDOUT, APP/TASK/deploy)#
#2026 06 06 09:02:11.100#Z#DEBUG#27448597-6186-11f1-b50e-eeee0a9aa125.inventory-management-cap-db-deployer#flowable-async-job-executor-thread-12157#
[PollExecuteTaskStatusExecution] f8f87642-0cbe-4e66-9ca6-9e2c31c5a043 [2026-06-06T09:02:09.733371] Previous build with request ID 353 finished at 2026-06-06T08:52:35.918 with status Rolled back and message: Starting make in the container "B1DF0DDFD6C4485685ABA2C752507121" with 0 files to deploy, 0 files to undeploy... ok. (STDOUT, APP/TASK/deploy)#
#2026 06 06 09:02:11.100#Z#DEBUG#27448597-6186-11f1-b50e-eeee0a9aa125.inventory-management-cap-db-deployer#flowable-async-job-executor-thread-12157#
[PollExecuteTaskStatusExecution] f8f87642-0cbe-4e66-9ca6-9e2c31c5a043 [2026-06-06T09:02:09.733482] Processing revoke files... (STDOUT, APP/TASK/deploy)#
#2026 06 06 09:02:11.100#Z#DEBUG#27448597-6186-11f1-b50e-eeee0a9aa125.inventory-management-cap-db-deployer#flowable-async-job-executor-thread-12157#
[PollExecuteTaskStatusExecution] f8f87642-0cbe-4e66-9ca6-9e2c31c5a043 [2026-06-06T09:02:09.733565] Processing revoke files... ok (0s 0ms) (STDOUT, APP/TASK/deploy)#
#2026 06 06 09:02:11.100#Z#DEBUG#27448597-6186-11f1-b50e-eeee0a9aa125.inventory-management-cap-db-deployer#flowable-async-job-executor-thread-12157#
[PollExecuteTaskStatusExecution] f8f87642-0cbe-4e66-9ca6-9e2c31c5a043 [2026-06-06T09:02:09.733704] Processing grants files... (STDOUT, APP/TASK/deploy)#
#2026 06 06 09:02:11.100#Z#DEBUG#27448597-6186-11f1-b50e-eeee0a9aa125.inventory-management-cap-db-deployer#flowable-async-job-executor-thread-12157#
[PollExecuteTaskStatusExecution] f8f87642-0cbe-4e66-9ca6-9e2c31c5a043 [2026-06-06T09:02:09.733852] Processing grants files... ok (0s 0ms) (STDOUT, APP/TASK/deploy)#
#2026 06 06 09:02:11.100#Z#DEBUG#27448597-6186-11f1-b50e-eeee0a9aa125.inventory-management-cap-db-deployer#flowable-async-job-executor-thread-12157#
[PollExecuteTaskStatusExecution] f8f87642-0cbe-4e66-9ca6-9e2c31c5a043 [2026-06-06T09:02:09.736512] Preprocessing files... (STDOUT, APP/TASK/deploy)#
#2026 06 06 09:02:11.100#Z#DEBUG#27448597-6186-11f1-b50e-eeee0a9aa125.inventory-management-cap-db-deployer#flowable-async-job-executor-thread-12157#
[PollExecuteTaskStatusExecution] f8f87642-0cbe-4e66-9ca6-9e2c31c5a043 [2026-06-06T09:02:09.736729] Preprocessing files... ok (0s 0ms) (STDOUT, APP/TASK/deploy)#
#2026 06 06 09:02:11.100#Z#DEBUG#27448597-6186-11f1-b50e-eeee0a9aa125.inventory-management-cap-db-deployer#flowable-async-job-executor-thread-12157#
[PollExecuteTaskStatusExecution] f8f87642-0cbe-4e66-9ca6-9e2c31c5a043 [2026-06-06T09:02:09.736808] Connecting to the container "B1DF0DDFD6C4485685ABA2C752507121"... (STDOUT, APP/TASK/deploy)#
#2026 06 06 09:02:11.100#Z#DEBUG#27448597-6186-11f1-b50e-eeee0a9aa125.inventory-management-cap-db-deployer#flowable-async-job-executor-thread-12157#
[PollExecuteTaskStatusExecution] f8f87642-0cbe-4e66-9ca6-9e2c31c5a043 [2026-06-06T09:02:09.803922] Connecting to the container "B1DF0DDFD6C4485685ABA2C752507121"... ok (0s 67ms) (STDOUT, APP/TASK/deploy)#
#2026 06 06 09:02:11.100#Z#DEBUG#27448597-6186-11f1-b50e-eeee0a9aa125.inventory-management-cap-db-deployer#flowable-async-job-executor-thread-12157#
[PollExecuteTaskStatusExecution] f8f87642-0cbe-4e66-9ca6-9e2c31c5a043 [2026-06-06T09:02:09.803939] Locking the container "B1DF0DDFD6C4485685ABA2C752507121"... (STDOUT, APP/TASK/deploy)#
#2026 06 06 09:02:11.100#Z#DEBUG#27448597-6186-11f1-b50e-eeee0a9aa125.inventory-management-cap-db-deployer#flowable-async-job-executor-thread-12157#
[PollExecuteTaskStatusExecution] f8f87642-0cbe-4e66-9ca6-9e2c31c5a043 [2026-06-06T09:02:10.024723] Locking the container "B1DF0DDFD6C4485685ABA2C752507121"... ok (0s 221ms) (STDOUT, APP/TASK/deploy)#
#2026 06 06 09:02:11.100#Z#DEBUG#27448597-6186-11f1-b50e-eeee0a9aa125.inventory-management-cap-db-deployer#flowable-async-job-executor-thread-12157#
[PollExecuteTaskStatusExecution] f8f87642-0cbe-4e66-9ca6-9e2c31c5a043 [2026-06-06T09:02:10.024741] Synchronizing files with the container "B1DF0DDFD6C4485685ABA2C752507121"... (STDOUT, APP/TASK/deploy)#
#2026 06 06 09:02:11.100#Z#DEBUG#27448597-6186-11f1-b50e-eeee0a9aa125.inventory-management-cap-db-deployer#flowable-async-job-executor-thread-12157#
[PollExecuteTaskStatusExecution] f8f87642-0cbe-4e66-9ca6-9e2c31c5a043 [2026-06-06T09:02:10.494383] Deleting files... (STDOUT, APP/TASK/deploy)#
#2026 06 06 09:02:21.079#Z#DEBUG#27448597-6186-11f1-b50e-eeee0a9aa125.inventory-management-cap-db-deployer#flowable-async-job-executor-thread-12161#
[PollExecuteTaskStatusExecution] f8f87642-0cbe-4e66-9ca6-9e2c31c5a043 [2026-06-06T09:02:10.671098] Deleting files... ok (STDOUT, APP/TASK/deploy)#
#2026 06 06 09:02:21.079#Z#DEBUG#27448597-6186-11f1-b50e-eeee0a9aa125.inventory-management-cap-db-deployer#flowable-async-job-executor-thread-12161#
[PollExecuteTaskStatusExecution] f8f87642-0cbe-4e66-9ca6-9e2c31c5a043 [2026-06-06T09:02:10.671119] Writing files... (STDOUT, APP/TASK/deploy)#
#2026 06 06 09:02:21.079#Z#DEBUG#27448597-6186-11f1-b50e-eeee0a9aa125.inventory-management-cap-db-deployer#flowable-async-job-executor-thread-12161#
[PollExecuteTaskStatusExecution] f8f87642-0cbe-4e66-9ca6-9e2c31c5a043 [2026-06-06T09:02:10.671273] Writing 3 items (STDOUT, APP/TASK/deploy)#
#2026 06 06 09:02:21.079#Z#DEBUG#27448597-6186-11f1-b50e-eeee0a9aa125.inventory-management-cap-db-deployer#flowable-async-job-executor-thread-12161#
[PollExecuteTaskStatusExecution] f8f87642-0cbe-4e66-9ca6-9e2c31c5a043 [2026-06-06T09:02:11.018524] Writing files... ok (STDOUT, APP/TASK/deploy)#
#2026 06 06 09:02:21.079#Z#DEBUG#27448597-6186-11f1-b50e-eeee0a9aa125.inventory-management-cap-db-deployer#flowable-async-job-executor-thread-12161#
[PollExecuteTaskStatusExecution] f8f87642-0cbe-4e66-9ca6-9e2c31c5a043 [2026-06-06T09:02:11.018540] Synchronizing files with the container "B1DF0DDFD6C4485685ABA2C752507121"... ok (0s 994ms) (STDOUT, APP/TASK/deploy)#
#2026 06 06 09:02:21.079#Z#DEBUG#27448597-6186-11f1-b50e-eeee0a9aa125.inventory-management-cap-db-deployer#flowable-async-job-executor-thread-12161#
[PollExecuteTaskStatusExecution] f8f87642-0cbe-4e66-9ca6-9e2c31c5a043 [2026-06-06T09:02:11.018957] added files: [] (STDOUT, APP/TASK/deploy)#
#2026 06 06 09:02:21.079#Z#DEBUG#27448597-6186-11f1-b50e-eeee0a9aa125.inventory-management-cap-db-deployer#flowable-async-job-executor-thread-12161#
[PollExecuteTaskStatusExecution] f8f87642-0cbe-4e66-9ca6-9e2c31c5a043 [2026-06-06T09:02:11.018971] modified files: [] (STDOUT, APP/TASK/deploy)#
#2026 06 06 09:02:21.079#Z#DEBUG#27448597-6186-11f1-b50e-eeee0a9aa125.inventory-management-cap-db-deployer#flowable-async-job-executor-thread-12161#
[PollExecuteTaskStatusExecution] f8f87642-0cbe-4e66-9ca6-9e2c31c5a043 [2026-06-06T09:02:11.018979] deleted files: [] (STDOUT, APP/TASK/deploy)#
#2026 06 06 09:02:21.079#Z#DEBUG#27448597-6186-11f1-b50e-eeee0a9aa125.inventory-management-cap-db-deployer#flowable-async-job-executor-thread-12161#
[PollExecuteTaskStatusExecution] f8f87642-0cbe-4e66-9ca6-9e2c31c5a043 [2026-06-06T09:02:11.019084] 0 modified or added files are scheduled for deploy based on delta detection (STDOUT, APP/TASK/deploy)#
#2026 06 06 09:02:21.079#Z#DEBUG#27448597-6186-11f1-b50e-eeee0a9aa125.inventory-management-cap-db-deployer#flowable-async-job-executor-thread-12161#
[PollExecuteTaskStatusExecution] f8f87642-0cbe-4e66-9ca6-9e2c31c5a043 [2026-06-06T09:02:11.019319] 0 deleted files are scheduled for undeploy based on delta detection (filtered by undeploy allowlist) (STDOUT, APP/TASK/deploy)#
#2026 06 06 09:02:21.079#Z#DEBUG#27448597-6186-11f1-b50e-eeee0a9aa125.inventory-management-cap-db-deployer#flowable-async-job-executor-thread-12161#
[PollExecuteTaskStatusExecution] f8f87642-0cbe-4e66-9ca6-9e2c31c5a043 [2026-06-06T09:02:11.019367] 0 files are scheduled for deploy based on explicit specification (STDOUT, APP/TASK/deploy)#
#2026 06 06 09:02:21.079#Z#DEBUG#27448597-6186-11f1-b50e-eeee0a9aa125.inventory-management-cap-db-deployer#flowable-async-job-executor-thread-12161#
[PollExecuteTaskStatusExecution] f8f87642-0cbe-4e66-9ca6-9e2c31c5a043 [2026-06-06T09:02:11.019371] 0 files are scheduled for undeploy based on explicit specification (STDOUT, APP/TASK/deploy)#
#2026 06 06 09:02:21.079#Z#DEBUG#27448597-6186-11f1-b50e-eeee0a9aa125.inventory-management-cap-db-deployer#flowable-async-job-executor-thread-12161#
[PollExecuteTaskStatusExecution] f8f87642-0cbe-4e66-9ca6-9e2c31c5a043 [2026-06-06T09:02:11.019478] Deploying to the container "B1DF0DDFD6C4485685ABA2C752507121"... (STDOUT, APP/TASK/deploy)#
#2026 06 06 09:02:21.079#Z#DEBUG#27448597-6186-11f1-b50e-eeee0a9aa125.inventory-management-cap-db-deployer#flowable-async-job-executor-thread-12161#
[PollExecuteTaskStatusExecution] f8f87642-0cbe-4e66-9ca6-9e2c31c5a043 [2026-06-06T09:02:11.354457] Starting make in the container "B1DF0DDFD6C4485685ABA2C752507121" with 0 files to deploy, 0 files to undeploy... (STDOUT, APP/TASK/deploy)#
#2026 06 06 09:02:21.079#Z#DEBUG#27448597-6186-11f1-b50e-eeee0a9aa125.inventory-management-cap-db-deployer#flowable-async-job-executor-thread-12161#
[PollExecuteTaskStatusExecution] f8f87642-0cbe-4e66-9ca6-9e2c31c5a043 [2026-06-06T09:02:11.354475] Disabling table replication for the container schema "B1DF0DDFD6C4485685ABA2C752507121"... (STDOUT, APP/TASK/deploy)#
#2026 06 06 09:02:21.079#Z#DEBUG#27448597-6186-11f1-b50e-eeee0a9aa125.inventory-management-cap-db-deployer#flowable-async-job-executor-thread-12161#
[PollExecuteTaskStatusExecution] f8f87642-0cbe-4e66-9ca6-9e2c31c5a043 [2026-06-06T09:02:11.354480] Disabling table replication for the container schema "B1DF0DDFD6C4485685ABA2C752507121"... ok (0s 13ms) (STDOUT, APP/TASK/deploy)#
#2026 06 06 09:02:21.079#Z#DEBUG#27448597-6186-11f1-b50e-eeee0a9aa125.inventory-management-cap-db-deployer#flowable-async-job-executor-thread-12161#
[PollExecuteTaskStatusExecution] f8f87642-0cbe-4e66-9ca6-9e2c31c5a043 [2026-06-06T09:02:11.354484] Migrating libraries... (STDOUT, APP/TASK/deploy)#
#2026 06 06 09:02:21.079#Z#DEBUG#27448597-6186-11f1-b50e-eeee0a9aa125.inventory-management-cap-db-deployer#flowable-async-job-executor-thread-12161#
[PollExecuteTaskStatusExecution] f8f87642-0cbe-4e66-9ca6-9e2c31c5a043 [2026-06-06T09:02:11.354542] Migrating libraries... ok (0s 14ms) (STDOUT, APP/TASK/deploy)#
#2026 06 06 09:02:21.079#Z#DEBUG#27448597-6186-11f1-b50e-eeee0a9aa125.inventory-management-cap-db-deployer#flowable-async-job-executor-thread-12161#
[PollExecuteTaskStatusExecution] f8f87642-0cbe-4e66-9ca6-9e2c31c5a043 [2026-06-06T09:02:11.354550] Making... (STDOUT, APP/TASK/deploy)#
#2026 06 06 09:02:21.079#Z#DEBUG#27448597-6186-11f1-b50e-eeee0a9aa125.inventory-management-cap-db-deployer#flowable-async-job-executor-thread-12161#
[PollExecuteTaskStatusExecution] f8f87642-0cbe-4e66-9ca6-9e2c31c5a043 [2026-06-06T09:02:11.354555] Preparing... (STDOUT, APP/TASK/deploy)#
#2026 06 06 09:02:21.079#Z#DEBUG#27448597-6186-11f1-b50e-eeee0a9aa125.inventory-management-cap-db-deployer#flowable-async-job-executor-thread-12161#
[PollExecuteTaskStatusExecution] f8f87642-0cbe-4e66-9ca6-9e2c31c5a043 [2026-06-06T09:02:11.354558] Preparing... ok (0s 0ms) (STDOUT, APP/TASK/deploy)#
#2026 06 06 09:02:21.079#Z#DEBUG#27448597-6186-11f1-b50e-eeee0a9aa125.inventory-management-cap-db-deployer#flowable-async-job-executor-thread-12161#
[PollExecuteTaskStatusExecution] f8f87642-0cbe-4e66-9ca6-9e2c31c5a043 [2026-06-06T09:02:11.354587] Preparing the make transaction... (STDOUT, APP/TASK/deploy)#
#2026 06 06 09:02:21.079#Z#DEBUG#27448597-6186-11f1-b50e-eeee0a9aa125.inventory-management-cap-db-deployer#flowable-async-job-executor-thread-12161#
[PollExecuteTaskStatusExecution] f8f87642-0cbe-4e66-9ca6-9e2c31c5a043 [2026-06-06T09:02:11.354687] Preparing the make transaction... ok (0s 8ms) (STDOUT, APP/TASK/deploy)#
#2026 06 06 09:02:21.079#Z#DEBUG#27448597-6186-11f1-b50e-eeee0a9aa125.inventory-management-cap-db-deployer#flowable-async-job-executor-thread-12161#
[PollExecuteTaskStatusExecution] f8f87642-0cbe-4e66-9ca6-9e2c31c5a043 [2026-06-06T09:02:11.354724] Calculating dependencies... (STDOUT, APP/TASK/deploy)#
#2026 06 06 09:02:21.079#Z#DEBUG#27448597-6186-11f1-b50e-eeee0a9aa125.inventory-management-cap-db-deployer#flowable-async-job-executor-thread-12161#
[PollExecuteTaskStatusExecution] f8f87642-0cbe-4e66-9ca6-9e2c31c5a043 [2026-06-06T09:02:11.354768] Expanding... (STDOUT, APP/TASK/deploy)#
#2026 06 06 09:02:21.079#Z#DEBUG#27448597-6186-11f1-b50e-eeee0a9aa125.inventory-management-cap-db-deployer#flowable-async-job-executor-thread-12161#
[PollExecuteTaskStatusExecution] f8f87642-0cbe-4e66-9ca6-9e2c31c5a043 [2026-06-06T09:02:11.354781] Expanding... ok (0s 6ms) (STDOUT, APP/TASK/deploy)#
#2026 06 06 09:02:21.079#Z#DEBUG#27448597-6186-11f1-b50e-eeee0a9aa125.inventory-management-cap-db-deployer#flowable-async-job-executor-thread-12161#
[PollExecuteTaskStatusExecution] f8f87642-0cbe-4e66-9ca6-9e2c31c5a043 [2026-06-06T09:02:11.354786] Precompiling... (STDOUT, APP/TASK/deploy)#
#2026 06 06 09:02:21.079#Z#DEBUG#27448597-6186-11f1-b50e-eeee0a9aa125.inventory-management-cap-db-deployer#flowable-async-job-executor-thread-12161#
[PollExecuteTaskStatusExecution] f8f87642-0cbe-4e66-9ca6-9e2c31c5a043 [2026-06-06T09:02:11.354790] Precompiling... ok (0s 0ms) (STDOUT, APP/TASK/deploy)#
#2026 06 06 09:02:21.079#Z#DEBUG#27448597-6186-11f1-b50e-eeee0a9aa125.inventory-management-cap-db-deployer#flowable-async-job-executor-thread-12161#
[PollExecuteTaskStatusExecution] f8f87642-0cbe-4e66-9ca6-9e2c31c5a043 [2026-06-06T09:02:11.354797] Merging... (STDOUT, APP/TASK/deploy)#
#2026 06 06 09:02:21.079#Z#DEBUG#27448597-6186-11f1-b50e-eeee0a9aa125.inventory-management-cap-db-deployer#flowable-async-job-executor-thread-12161#
[PollExecuteTaskStatusExecution] f8f87642-0cbe-4e66-9ca6-9e2c31c5a043 [2026-06-06T09:02:11.354801] Merging... ok (0s 0ms) (STDOUT, APP/TASK/deploy)#
#2026 06 06 09:02:21.079#Z#DEBUG#27448597-6186-11f1-b50e-eeee0a9aa125.inventory-management-cap-db-deployer#flowable-async-job-executor-thread-12161#
[PollExecuteTaskStatusExecution] f8f87642-0cbe-4e66-9ca6-9e2c31c5a043 [2026-06-06T09:02:11.354805] Calculating dependencies... ok (0s 6ms) (STDOUT, APP/TASK/deploy)#
#2026 06 06 09:02:21.079#Z#DEBUG#27448597-6186-11f1-b50e-eeee0a9aa125.inventory-management-cap-db-deployer#flowable-async-job-executor-thread-12161#
[PollExecuteTaskStatusExecution] f8f87642-0cbe-4e66-9ca6-9e2c31c5a043 [2026-06-06T09:02:11.354815] No make necessary (STDOUT, APP/TASK/deploy)#
#2026 06 06 09:02:21.079#Z#DEBUG#27448597-6186-11f1-b50e-eeee0a9aa125.inventory-management-cap-db-deployer#flowable-async-job-executor-thread-12161#
[PollExecuteTaskStatusExecution] f8f87642-0cbe-4e66-9ca6-9e2c31c5a043 [2026-06-06T09:02:11.354824] Making... ok (0s 58ms) (STDOUT, APP/TASK/deploy)#
#2026 06 06 09:02:21.079#Z#DEBUG#27448597-6186-11f1-b50e-eeee0a9aa125.inventory-management-cap-db-deployer#flowable-async-job-executor-thread-12161#
[PollExecuteTaskStatusExecution] f8f87642-0cbe-4e66-9ca6-9e2c31c5a043 [2026-06-06T09:02:11.354843] Enabling table replication for the container schema "B1DF0DDFD6C4485685ABA2C752507121"... (STDOUT, APP/TASK/deploy)#
#2026 06 06 09:02:21.079#Z#DEBUG#27448597-6186-11f1-b50e-eeee0a9aa125.inventory-management-cap-db-deployer#flowable-async-job-executor-thread-12161#
[PollExecuteTaskStatusExecution] f8f87642-0cbe-4e66-9ca6-9e2c31c5a043 [2026-06-06T09:02:11.354855] Enabling table replication for the container schema "B1DF0DDFD6C4485685ABA2C752507121"... ok (0s 11ms) (STDOUT, APP/TASK/deploy)#
#2026 06 06 09:02:21.079#Z#DEBUG#27448597-6186-11f1-b50e-eeee0a9aa125.inventory-management-cap-db-deployer#flowable-async-job-executor-thread-12161#
[PollExecuteTaskStatusExecution] f8f87642-0cbe-4e66-9ca6-9e2c31c5a043 [2026-06-06T09:02:11.354863] Starting make in the container "B1DF0DDFD6C4485685ABA2C752507121" with 0 files to deploy, 0 files to undeploy... ok (0s 104ms) (STDOUT, APP/TASK/deploy)#
#2026 06 06 09:02:21.079#Z#DEBUG#27448597-6186-11f1-b50e-eeee0a9aa125.inventory-management-cap-db-deployer#flowable-async-job-executor-thread-12161#
[PollExecuteTaskStatusExecution] f8f87642-0cbe-4e66-9ca6-9e2c31c5a043 [2026-06-06T09:02:11.355289] Deploying to the container "B1DF0DDFD6C4485685ABA2C752507121"... ok (0s 336ms) (STDOUT, APP/TASK/deploy)#
#2026 06 06 09:02:21.079#Z#DEBUG#27448597-6186-11f1-b50e-eeee0a9aa125.inventory-management-cap-db-deployer#flowable-async-job-executor-thread-12161#
[PollExecuteTaskStatusExecution] f8f87642-0cbe-4e66-9ca6-9e2c31c5a043 [2026-06-06T09:02:11.355621] No default-access-role handling needed; global role "B1DF0DDFD6C4485685ABA2C752507121::access_role" will not be adapted (STDOUT, APP/TASK/deploy)#
#2026 06 06 09:02:21.079#Z#DEBUG#27448597-6186-11f1-b50e-eeee0a9aa125.inventory-management-cap-db-deployer#flowable-async-job-executor-thread-12161#
[PollExecuteTaskStatusExecution] f8f87642-0cbe-4e66-9ca6-9e2c31c5a043 [2026-06-06T09:02:11.355762] Unlocking the container "B1DF0DDFD6C4485685ABA2C752507121"... (STDOUT, APP/TASK/deploy)#
#2026 06 06 09:02:21.079#Z#DEBUG#27448597-6186-11f1-b50e-eeee0a9aa125.inventory-management-cap-db-deployer#flowable-async-job-executor-thread-12161#
[PollExecuteTaskStatusExecution] f8f87642-0cbe-4e66-9ca6-9e2c31c5a043 [2026-06-06T09:02:11.355930] Unlocking the container "B1DF0DDFD6C4485685ABA2C752507121"... ok (0s 0ms) (STDOUT, APP/TASK/deploy)#
#2026 06 06 09:02:21.079#Z#DEBUG#27448597-6186-11f1-b50e-eeee0a9aa125.inventory-management-cap-db-deployer#flowable-async-job-executor-thread-12161#
[PollExecuteTaskStatusExecution] f8f87642-0cbe-4e66-9ca6-9e2c31c5a043 [2026-06-06T09:02:11.356085] Deployment to container B1DF0DDFD6C4485685ABA2C752507121 done [Deployment ID: none]. (STDOUT, APP/TASK/deploy)#
#2026 06 06 09:02:21.079#Z#DEBUG#27448597-6186-11f1-b50e-eeee0a9aa125.inventory-management-cap-db-deployer#flowable-async-job-executor-thread-12161#
[PollExecuteTaskStatusExecution] f8f87642-0cbe-4e66-9ca6-9e2c31c5a043 [2026-06-06T09:02:11.356554] Deployment ended at 2026-06-06 09:02:11 (STDOUT, APP/TASK/deploy)#
#2026 06 06 09:02:21.079#Z#DEBUG#27448597-6186-11f1-b50e-eeee0a9aa125.inventory-management-cap-db-deployer#flowable-async-job-executor-thread-12161#
[PollExecuteTaskStatusExecution] f8f87642-0cbe-4e66-9ca6-9e2c31c5a043 [2026-06-06T09:02:11.356928] (2s 464ms) (STDOUT, APP/TASK/deploy)#
#2026 06 06 09:02:21.079#Z#DEBUG#27448597-6186-11f1-b50e-eeee0a9aa125.inventory-management-cap-db-deployer#flowable-async-job-executor-thread-12161#
[PollExecuteTaskStatusExecution] f8f87642-0cbe-4e66-9ca6-9e2c31c5a043 [2026-06-06T09:02:11.370878] npm notice (STDERR, APP/TASK/deploy)#
#2026 06 06 09:02:21.079#Z#DEBUG#27448597-6186-11f1-b50e-eeee0a9aa125.inventory-management-cap-db-deployer#flowable-async-job-executor-thread-12161#
[PollExecuteTaskStatusExecution] f8f87642-0cbe-4e66-9ca6-9e2c31c5a043 [2026-06-06T09:02:11.370894] npm notice New minor version of npm available! 11.6.2 -> 11.16.0 (STDERR, APP/TASK/deploy)#
#2026 06 06 09:02:21.079#Z#DEBUG#27448597-6186-11f1-b50e-eeee0a9aa125.inventory-management-cap-db-deployer#flowable-async-job-executor-thread-12161#
[PollExecuteTaskStatusExecution] f8f87642-0cbe-4e66-9ca6-9e2c31c5a043 [2026-06-06T09:02:11.370899] npm notice Changelog: https://github.com/npm/cli/releases/tag/v11.16.0 (STDERR, APP/TASK/deploy)#
#2026 06 06 09:02:21.079#Z#DEBUG#27448597-6186-11f1-b50e-eeee0a9aa125.inventory-management-cap-db-deployer#flowable-async-job-executor-thread-12161#
[PollExecuteTaskStatusExecution] f8f87642-0cbe-4e66-9ca6-9e2c31c5a043 [2026-06-06T09:02:11.370904] npm notice To update run: npm install -g npm@11.16.0 (STDERR, APP/TASK/deploy)#
#2026 06 06 09:02:21.079#Z#DEBUG#27448597-6186-11f1-b50e-eeee0a9aa125.inventory-management-cap-db-deployer#flowable-async-job-executor-thread-12161#
[PollExecuteTaskStatusExecution] f8f87642-0cbe-4e66-9ca6-9e2c31c5a043 [2026-06-06T09:02:11.370908] npm notice (STDERR, APP/TASK/deploy)#
#2026 06 06 09:02:21.079#Z#DEBUG#27448597-6186-11f1-b50e-eeee0a9aa125.inventory-management-cap-db-deployer#flowable-async-job-executor-thread-12161#
[PollExecuteTaskStatusExecution] f8f87642-0cbe-4e66-9ca6-9e2c31c5a043 [2026-06-06T09:02:11.455503] Exit status 0 (STDOUT, APP/TASK/deploy)#
#2026 06 06 09:02:21.079#Z#DEBUG#27448597-6186-11f1-b50e-eeee0a9aa125.inventory-management-cap-db-deployer#flowable-async-job-executor-thread-12161#
[PollExecuteTaskStatusExecution] f8f87642-0cbe-4e66-9ca6-9e2c31c5a043 [2026-06-06T09:02:12.909303] Cell 1ea14514-f0fe-461c-9aa9-a53bbe093b00 stopping instance 6a318dd9-fff1-45d4-80cf-6b78ea3f4d00 (STDOUT, CELL)#
#2026 06 06 09:02:21.079#Z#DEBUG#27448597-6186-11f1-b50e-eeee0a9aa125.inventory-management-cap-db-deployer#flowable-async-job-executor-thread-12161#
[PollExecuteTaskStatusExecution] f8f87642-0cbe-4e66-9ca6-9e2c31c5a043 [2026-06-06T09:02:12.909358] Cell 1ea14514-f0fe-461c-9aa9-a53bbe093b00 destroying container for instance 6a318dd9-fff1-45d4-80cf-6b78ea3f4d00 (STDOUT, CELL)#
#2026 06 06 09:02:21.079#Z#DEBUG#27448597-6186-11f1-b50e-eeee0a9aa125.inventory-management-cap-db-deployer#flowable-async-job-executor-thread-12161#
[PollExecuteTaskStatusExecution] f8f87642-0cbe-4e66-9ca6-9e2c31c5a043 [2026-06-06T09:02:16.708763] Cell 1ea14514-f0fe-461c-9aa9-a53bbe093b00 successfully destroyed container for instance 6a318dd9-fff1-45d4-80cf-6b78ea3f4d00 (STDOUT, CELL)#
